C:\USERS\JOãO\DROPBOX\DEVELOPMENT\LAIG\BUILDTEMP\CGFEXAMPLE\ORTHOCAMERA.OBJ
C:\USERS\JOãO\DROPBOX\DEVELOPMENT\LAIG\BUILDTEMP\CGFEXAMPLE\PERSPECTIVECAMERA.OBJ
C:\USERS\JOãO\DROPBOX\DEVELOPMENT\LAIG\BUILDTEMP\CGFEXAMPLE\DEMOSCENE.OBJ
C:\USERS\JOãO\DROPBOX\DEVELOPMENT\LAIG\BUILDTEMP\CGFEXAMPLE\MAIN.OBJ
C:\USERS\JOãO\DROPBOX\DEVELOPMENT\LAIG\BUILDTEMP\CGFEXAMPLE\XMLSCENE.OBJ
C:\USERS\JOÃO\DROPBOX\DEVELOPMENT\LAIG\BUILDTEMP\CGFEXAMPLE\VC110.PDB
C:\USERS\JOãO\DROPBOX\DEVELOPMENT\LAIG\BUILDTEMP\CGFEXAMPLE\TPINTERFACE.OBJ
C:\USERS\JOãO\DROPBOX\DEVELOPMENT\LAIG\CGFEXAMPLE\BIN\CGFEXAMPLE.ILK
C:\USERS\JOãO\DROPBOX\DEVELOPMENT\LAIG\CGFEXAMPLE\BIN\CGFEXAMPLE.EXE
C:\USERS\JOÃO\DROPBOX\DEVELOPMENT\LAIG\CGFEXAMPLE\BIN\CGFEXAMPLE.PDB
C:\Users\João\Dropbox\Development\LAIG\buildtemp\CGFexample\DemoScene (Cópia em conflito de joao-trabalho 2014-10-18).obj
C:\Users\João\Dropbox\Development\LAIG\buildtemp\CGFexample\DemoScene.obj
C:\Users\João\Dropbox\Development\LAIG\buildtemp\CGFexample\main (Cópia em conflito de joao-trabalho 2014-10-18).obj
C:\Users\João\Dropbox\Development\LAIG\buildtemp\CGFexample\main.obj
C:\Users\João\Dropbox\Development\LAIG\buildtemp\CGFexample\OrthoCamera (Cópia em conflito de joao-trabalho 2014-10-18).obj
C:\Users\João\Dropbox\Development\LAIG\buildtemp\CGFexample\OrthoCamera.obj
C:\Users\João\Dropbox\Development\LAIG\buildtemp\CGFexample\PerspectiveCamera (Cópia em conflito de joao-trabalho 2014-10-18).obj
C:\Users\João\Dropbox\Development\LAIG\buildtemp\CGFexample\PerspectiveCamera.obj
C:\Users\João\Dropbox\Development\LAIG\buildtemp\CGFexample\TPinterface.obj
C:\Users\João\Dropbox\Development\LAIG\buildtemp\CGFexample\XMLScene (Cópia em conflito de joao-trabalho 2014-10-18).obj
C:\Users\João\Dropbox\Development\LAIG\buildtemp\CGFexample\XMLScene.obj
C:\Users\João\Dropbox\Development\LAIG\buildtemp\CGFexample\cl.command.1.tlog
C:\Users\João\Dropbox\Development\LAIG\buildtemp\CGFexample\CL.read.1 (Cópia em conflito de joao-trabalho 2014-10-18).tlog
C:\Users\João\Dropbox\Development\LAIG\buildtemp\CGFexample\CL.read.1.tlog
C:\Users\João\Dropbox\Development\LAIG\buildtemp\CGFexample\CL.write.1.tlog
C:\Users\João\Dropbox\Development\LAIG\buildtemp\CGFexample\link-cvtres.read.1.tlog
C:\Users\João\Dropbox\Development\LAIG\buildtemp\CGFexample\link-cvtres.write.1.tlog
C:\Users\João\Dropbox\Development\LAIG\buildtemp\CGFexample\link-rc.read.1.tlog
C:\Users\João\Dropbox\Development\LAIG\buildtemp\CGFexample\link-rc.write.1.tlog
C:\Users\João\Dropbox\Development\LAIG\buildtemp\CGFexample\link.1388-cvtres.read.1.tlog
C:\Users\João\Dropbox\Development\LAIG\buildtemp\CGFexample\link.1388-cvtres.write.1.tlog
C:\Users\João\Dropbox\Development\LAIG\buildtemp\CGFexample\link.1388-rc.read.1.tlog
C:\Users\João\Dropbox\Development\LAIG\buildtemp\CGFexample\link.1388-rc.write.1.tlog
C:\Users\João\Dropbox\Development\LAIG\buildtemp\CGFexample\link.1388.read.1.tlog
C:\Users\João\Dropbox\Development\LAIG\buildtemp\CGFexample\link.1388.read.3.tlog
C:\Users\João\Dropbox\Development\LAIG\buildtemp\CGFexample\link.1388.write.1.tlog
C:\Users\João\Dropbox\Development\LAIG\buildtemp\CGFexample\link.2516-cvtres.read.1.tlog
C:\Users\João\Dropbox\Development\LAIG\buildtemp\CGFexample\link.2516-cvtres.write.1.tlog
C:\Users\João\Dropbox\Development\LAIG\buildtemp\CGFexample\link.2516-rc.read.1.tlog
C:\Users\João\Dropbox\Development\LAIG\buildtemp\CGFexample\link.2516-rc.write.1.tlog
C:\Users\João\Dropbox\Development\LAIG\buildtemp\CGFexample\link.2516.read.1.tlog
C:\Users\João\Dropbox\Development\LAIG\buildtemp\CGFexample\link.2516.read.3.tlog
C:\Users\João\Dropbox\Development\LAIG\buildtemp\CGFexample\link.2516.write.1.tlog
C:\Users\João\Dropbox\Development\LAIG\buildtemp\CGFexample\link.3236-cvtres.read.1.tlog
C:\Users\João\Dropbox\Development\LAIG\buildtemp\CGFexample\link.3236-cvtres.write.1.tlog
C:\Users\João\Dropbox\Development\LAIG\buildtemp\CGFexample\link.3236-rc.read.1.tlog
C:\Users\João\Dropbox\Development\LAIG\buildtemp\CGFexample\link.3236-rc.write.1.tlog
C:\Users\João\Dropbox\Development\LAIG\buildtemp\CGFexample\link.3236.read.1.tlog
C:\Users\João\Dropbox\Development\LAIG\buildtemp\CGFexample\link.3236.read.3.tlog
C:\Users\João\Dropbox\Development\LAIG\buildtemp\CGFexample\link.3236.write.1.tlog
C:\Users\João\Dropbox\Development\LAIG\buildtemp\CGFexample\link.3368-cvtres.read.1.tlog
C:\Users\João\Dropbox\Development\LAIG\buildtemp\CGFexample\link.3368-cvtres.write.1.tlog
C:\Users\João\Dropbox\Development\LAIG\buildtemp\CGFexample\link.3368-rc.read.1.tlog
C:\Users\João\Dropbox\Development\LAIG\buildtemp\CGFexample\link.3368-rc.write.1.tlog
C:\Users\João\Dropbox\Development\LAIG\buildtemp\CGFexample\link.3368.read.1.tlog
C:\Users\João\Dropbox\Development\LAIG\buildtemp\CGFexample\link.3368.read.3.tlog
C:\Users\João\Dropbox\Development\LAIG\buildtemp\CGFexample\link.3368.write.1.tlog
C:\Users\João\Dropbox\Development\LAIG\buildtemp\CGFexample\link.4172-cvtres.read.1.tlog
C:\Users\João\Dropbox\Development\LAIG\buildtemp\CGFexample\link.4172-cvtres.write.1.tlog
C:\Users\João\Dropbox\Development\LAIG\buildtemp\CGFexample\link.4172-rc.read.1.tlog
C:\Users\João\Dropbox\Development\LAIG\buildtemp\CGFexample\link.4172-rc.write.1.tlog
C:\Users\João\Dropbox\Development\LAIG\buildtemp\CGFexample\link.4172.read.1.tlog
C:\Users\João\Dropbox\Development\LAIG\buildtemp\CGFexample\link.4172.read.3.tlog
C:\Users\João\Dropbox\Development\LAIG\buildtemp\CGFexample\link.4172.write.1.tlog
C:\Users\João\Dropbox\Development\LAIG\buildtemp\CGFexample\link.4276-cvtres.read.1.tlog
C:\Users\João\Dropbox\Development\LAIG\buildtemp\CGFexample\link.4276-cvtres.write.1.tlog
C:\Users\João\Dropbox\Development\LAIG\buildtemp\CGFexample\link.4276-rc.read.1.tlog
C:\Users\João\Dropbox\Development\LAIG\buildtemp\CGFexample\link.4276-rc.write.1.tlog
C:\Users\João\Dropbox\Development\LAIG\buildtemp\CGFexample\link.4276.read.1.tlog
C:\Users\João\Dropbox\Development\LAIG\buildtemp\CGFexample\link.4276.read.3.tlog
C:\Users\João\Dropbox\Development\LAIG\buildtemp\CGFexample\link.4276.write.1.tlog
C:\Users\João\Dropbox\Development\LAIG\buildtemp\CGFexample\link.4380-cvtres.read.1.tlog
C:\Users\João\Dropbox\Development\LAIG\buildtemp\CGFexample\link.4380-cvtres.write.1.tlog
C:\Users\João\Dropbox\Development\LAIG\buildtemp\CGFexample\link.4380-rc.read.1.tlog
C:\Users\João\Dropbox\Development\LAIG\buildtemp\CGFexample\link.4380-rc.write.1.tlog
C:\Users\João\Dropbox\Development\LAIG\buildtemp\CGFexample\link.4380.read.1.tlog
C:\Users\João\Dropbox\Development\LAIG\buildtemp\CGFexample\link.4380.read.3.tlog
C:\Users\João\Dropbox\Development\LAIG\buildtemp\CGFexample\link.4380.write.1.tlog
C:\Users\João\Dropbox\Development\LAIG\buildtemp\CGFexample\link.4476-cvtres.read.1.tlog
C:\Users\João\Dropbox\Development\LAIG\buildtemp\CGFexample\link.4476-cvtres.write.1.tlog
C:\Users\João\Dropbox\Development\LAIG\buildtemp\CGFexample\link.4476-rc.read.1.tlog
C:\Users\João\Dropbox\Development\LAIG\buildtemp\CGFexample\link.4476-rc.write.1.tlog
C:\Users\João\Dropbox\Development\LAIG\buildtemp\CGFexample\link.4476.read.1.tlog
C:\Users\João\Dropbox\Development\LAIG\buildtemp\CGFexample\link.4476.read.3.tlog
C:\Users\João\Dropbox\Development\LAIG\buildtemp\CGFexample\link.4476.write.1.tlog
C:\Users\João\Dropbox\Development\LAIG\buildtemp\CGFexample\link.4504-cvtres.read.1.tlog
C:\Users\João\Dropbox\Development\LAIG\buildtemp\CGFexample\link.4504-cvtres.write.1.tlog
C:\Users\João\Dropbox\Development\LAIG\buildtemp\CGFexample\link.4504-rc.read.1.tlog
C:\Users\João\Dropbox\Development\LAIG\buildtemp\CGFexample\link.4504-rc.write.1.tlog
C:\Users\João\Dropbox\Development\LAIG\buildtemp\CGFexample\link.4504.read.1.tlog
C:\Users\João\Dropbox\Development\LAIG\buildtemp\CGFexample\link.4504.read.3.tlog
C:\Users\João\Dropbox\Development\LAIG\buildtemp\CGFexample\link.4504.write.1.tlog
C:\Users\João\Dropbox\Development\LAIG\buildtemp\CGFexample\link.4712-cvtres.read.1.tlog
C:\Users\João\Dropbox\Development\LAIG\buildtemp\CGFexample\link.4712-cvtres.write.1.tlog
C:\Users\João\Dropbox\Development\LAIG\buildtemp\CGFexample\link.4712-rc.read.1.tlog
C:\Users\João\Dropbox\Development\LAIG\buildtemp\CGFexample\link.4712-rc.write.1.tlog
C:\Users\João\Dropbox\Development\LAIG\buildtemp\CGFexample\link.4712.read.1.tlog
C:\Users\João\Dropbox\Development\LAIG\buildtemp\CGFexample\link.4712.read.3.tlog
C:\Users\João\Dropbox\Development\LAIG\buildtemp\CGFexample\link.4712.write.1.tlog
C:\Users\João\Dropbox\Development\LAIG\buildtemp\CGFexample\link.4832-cvtres.read.1.tlog
C:\Users\João\Dropbox\Development\LAIG\buildtemp\CGFexample\link.4832-cvtres.write.1.tlog
C:\Users\João\Dropbox\Development\LAIG\buildtemp\CGFexample\link.4832-rc.read.1.tlog
C:\Users\João\Dropbox\Development\LAIG\buildtemp\CGFexample\link.4832-rc.write.1.tlog
C:\Users\João\Dropbox\Development\LAIG\buildtemp\CGFexample\link.4832.read.1.tlog
C:\Users\João\Dropbox\Development\LAIG\buildtemp\CGFexample\link.4832.read.3.tlog
C:\Users\João\Dropbox\Development\LAIG\buildtemp\CGFexample\link.4832.write.1.tlog
C:\Users\João\Dropbox\Development\LAIG\buildtemp\CGFexample\link.5216-cvtres.read.1.tlog
C:\Users\João\Dropbox\Development\LAIG\buildtemp\CGFexample\link.5216-cvtres.write.1.tlog
C:\Users\João\Dropbox\Development\LAIG\buildtemp\CGFexample\link.5216-rc.read.1.tlog
C:\Users\João\Dropbox\Development\LAIG\buildtemp\CGFexample\link.5216-rc.write.1.tlog
C:\Users\João\Dropbox\Development\LAIG\buildtemp\CGFexample\link.5216.read.1.tlog
C:\Users\João\Dropbox\Development\LAIG\buildtemp\CGFexample\link.5216.read.3.tlog
C:\Users\João\Dropbox\Development\LAIG\buildtemp\CGFexample\link.5216.write.1.tlog
C:\Users\João\Dropbox\Development\LAIG\buildtemp\CGFexample\link.5444-cvtres.read.1.tlog
C:\Users\João\Dropbox\Development\LAIG\buildtemp\CGFexample\link.5444-cvtres.write.1.tlog
C:\Users\João\Dropbox\Development\LAIG\buildtemp\CGFexample\link.5444-rc.read.1.tlog
C:\Users\João\Dropbox\Development\LAIG\buildtemp\CGFexample\link.5444-rc.write.1.tlog
C:\Users\João\Dropbox\Development\LAIG\buildtemp\CGFexample\link.5444.read.1.tlog
C:\Users\João\Dropbox\Development\LAIG\buildtemp\CGFexample\link.5444.read.3.tlog
C:\Users\João\Dropbox\Development\LAIG\buildtemp\CGFexample\link.5444.write.1.tlog
C:\Users\João\Dropbox\Development\LAIG\buildtemp\CGFexample\link.5672-cvtres.read.1.tlog
C:\Users\João\Dropbox\Development\LAIG\buildtemp\CGFexample\link.5672-cvtres.write.1.tlog
C:\Users\João\Dropbox\Development\LAIG\buildtemp\CGFexample\link.5672-rc.read.1.tlog
C:\Users\João\Dropbox\Development\LAIG\buildtemp\CGFexample\link.5672-rc.write.1.tlog
C:\Users\João\Dropbox\Development\LAIG\buildtemp\CGFexample\link.5672.read.1.tlog
C:\Users\João\Dropbox\Development\LAIG\buildtemp\CGFexample\link.5672.read.3.tlog
C:\Users\João\Dropbox\Development\LAIG\buildtemp\CGFexample\link.5672.write.1.tlog
C:\Users\João\Dropbox\Development\LAIG\buildtemp\CGFexample\link.6048-cvtres.read.1.tlog
C:\Users\João\Dropbox\Development\LAIG\buildtemp\CGFexample\link.6048-cvtres.write.1.tlog
C:\Users\João\Dropbox\Development\LAIG\buildtemp\CGFexample\link.6048-rc.read.1.tlog
C:\Users\João\Dropbox\Development\LAIG\buildtemp\CGFexample\link.6048-rc.write.1.tlog
C:\Users\João\Dropbox\Development\LAIG\buildtemp\CGFexample\link.6048.read.1.tlog
C:\Users\João\Dropbox\Development\LAIG\buildtemp\CGFexample\link.6048.read.3.tlog
C:\Users\João\Dropbox\Development\LAIG\buildtemp\CGFexample\link.6048.write.1.tlog
C:\Users\João\Dropbox\Development\LAIG\buildtemp\CGFexample\link.6820-cvtres.read.1.tlog
C:\Users\João\Dropbox\Development\LAIG\buildtemp\CGFexample\link.6820-cvtres.write.1.tlog
C:\Users\João\Dropbox\Development\LAIG\buildtemp\CGFexample\link.6820-rc.read.1.tlog
C:\Users\João\Dropbox\Development\LAIG\buildtemp\CGFexample\link.6820-rc.write.1.tlog
C:\Users\João\Dropbox\Development\LAIG\buildtemp\CGFexample\link.6820.read.1.tlog
C:\Users\João\Dropbox\Development\LAIG\buildtemp\CGFexample\link.6820.read.3.tlog
C:\Users\João\Dropbox\Development\LAIG\buildtemp\CGFexample\link.6820.write.1.tlog
C:\Users\João\Dropbox\Development\LAIG\buildtemp\CGFexample\link.7744-cvtres.read.1.tlog
C:\Users\João\Dropbox\Development\LAIG\buildtemp\CGFexample\link.7744-cvtres.write.1.tlog
C:\Users\João\Dropbox\Development\LAIG\buildtemp\CGFexample\link.7744-rc.read.1.tlog
C:\Users\João\Dropbox\Development\LAIG\buildtemp\CGFexample\link.7744-rc.write.1.tlog
C:\Users\João\Dropbox\Development\LAIG\buildtemp\CGFexample\link.7744.read.1.tlog
C:\Users\João\Dropbox\Development\LAIG\buildtemp\CGFexample\link.7744.read.3.tlog
C:\Users\João\Dropbox\Development\LAIG\buildtemp\CGFexample\link.7744.write.1.tlog
C:\Users\João\Dropbox\Development\LAIG\buildtemp\CGFexample\link.7944-cvtres.read.1.tlog
C:\Users\João\Dropbox\Development\LAIG\buildtemp\CGFexample\link.7944-cvtres.write.1.tlog
C:\Users\João\Dropbox\Development\LAIG\buildtemp\CGFexample\link.7944-rc.read.1.tlog
C:\Users\João\Dropbox\Development\LAIG\buildtemp\CGFexample\link.7944-rc.write.1.tlog
C:\Users\João\Dropbox\Development\LAIG\buildtemp\CGFexample\link.7944.read.1.tlog
C:\Users\João\Dropbox\Development\LAIG\buildtemp\CGFexample\link.7944.read.3.tlog
C:\Users\João\Dropbox\Development\LAIG\buildtemp\CGFexample\link.7944.write.1.tlog
C:\Users\João\Dropbox\Development\LAIG\buildtemp\CGFexample\link.8112-cvtres.read.1.tlog
C:\Users\João\Dropbox\Development\LAIG\buildtemp\CGFexample\link.8112-cvtres.write.1.tlog
C:\Users\João\Dropbox\Development\LAIG\buildtemp\CGFexample\link.8112-rc.read.1.tlog
C:\Users\João\Dropbox\Development\LAIG\buildtemp\CGFexample\link.8112-rc.write.1.tlog
C:\Users\João\Dropbox\Development\LAIG\buildtemp\CGFexample\link.8112.read.1.tlog
C:\Users\João\Dropbox\Development\LAIG\buildtemp\CGFexample\link.8112.read.3.tlog
C:\Users\João\Dropbox\Development\LAIG\buildtemp\CGFexample\link.8112.write.1.tlog
C:\Users\João\Dropbox\Development\LAIG\buildtemp\CGFexample\link.984-cvtres.read.1.tlog
C:\Users\João\Dropbox\Development\LAIG\buildtemp\CGFexample\link.984-cvtres.write.1.tlog
C:\Users\João\Dropbox\Development\LAIG\buildtemp\CGFexample\link.984-rc.read.1.tlog
C:\Users\João\Dropbox\Development\LAIG\buildtemp\CGFexample\link.984-rc.write.1.tlog
C:\Users\João\Dropbox\Development\LAIG\buildtemp\CGFexample\link.984.read.1.tlog
C:\Users\João\Dropbox\Development\LAIG\buildtemp\CGFexample\link.984.read.3.tlog
C:\Users\João\Dropbox\Development\LAIG\buildtemp\CGFexample\link.984.write.1.tlog
C:\Users\João\Dropbox\Development\LAIG\buildtemp\CGFexample\link.command.1.tlog
C:\Users\João\Dropbox\Development\LAIG\buildtemp\CGFexample\link.read.1.tlog
C:\Users\João\Dropbox\Development\LAIG\buildtemp\CGFexample\link.read.3.tlog
C:\Users\João\Dropbox\Development\LAIG\buildtemp\CGFexample\link.write.1.tlog
C:\Users\João\Dropbox\Development\LAIG\buildtemp\CGFexample\vc110 (Cópia em conflito de joao-trabalho 2014-10-18).idb
C:\Users\João\Dropbox\Development\LAIG\buildtemp\CGFexample\vc110.idb
C:\Users\João\Dropbox\Development\LAIG\buildtemp\CGFexample\vc110 (Cópia em conflito de joao-trabalho 2014-10-18).pdb
C:\Users\João\Dropbox\Development\LAIG\buildtemp\CGFexample\vc110.pdb
C:\Users\João\Dropbox\Development\LAIG\CGFexample\bin\CGFexample.exe
